#
# There is insufficient memory for the Java Runtime Environment to continue.
# Native memory allocation (mmap) failed to map 289406976 bytes for Failed to commit area from 0x0000000093400000 to 0x00000000a4800000 of length 289406976.
# Possible reasons:
#   The system is out of physical RAM or swap space
#   The process is running with CompressedOops enabled, and the Java Heap may be blocking the growth of the native heap
# Possible solutions:
#   Reduce memory load on the system
#   Increase physical memory or swap space
#   Check if swap backing store is full
#   Decrease Java heap size (-Xmx/-Xms)
#   Decrease number of Java threads
#   Decrease Java thread stack sizes (-Xss)
#   Set larger code cache with -XX:ReservedCodeCacheSize=
#   JVM is running with Unscaled Compressed Oops mode in which the Java heap is
#     placed in the first 4GB address space. The Java Heap base address is the
#     maximum limit for the native heap growth. Please use -XX:HeapBaseMinAddress
#     to set the Java Heap base and to place the Java Heap above 4GB virtual address.
# This output file may be truncated or incomplete.
#
#  Out of Memory Error (./src/hotspot/os/windows/os_windows.cpp:3311), pid=5980, tid=2656
#
# JRE version: OpenJDK Runtime Environment Temurin-11.0.12+7 (11.0.12+7) (build 11.0.12+7)
# Java VM: OpenJDK 64-Bit Server VM Temurin-11.0.12+7 (11.0.12+7, mixed mode, tiered, compressed oops, g1 gc, windows-amd64)
# No core dump will be written. Minidumps are not enabled by default on client versions of Windows
#

---------------  S U M M A R Y ------------

Command Line: -Dapp.name=ltex-ls -Dapp.repo=C:\Users\K\AppData\Local\nvim-data\mason\packages\ltex-ls\ltex-ls-16.0.0\lib -Dapp.home=C:\Users\K\AppData\Local\nvim-data\mason\packages\ltex-ls\ltex-ls-16.0.0 -Dbasedir=C:\Users\K\AppData\Local\nvim-data\mason\packages\ltex-ls\ltex-ls-16.0.0 org.bsplines.ltexls.LtexLanguageServerLauncher

Host: Intel(R) Core(TM) i5-5200U CPU @ 2.20GHz, 4 cores, 7G,  Windows 10 , 64 bit Build 19041 (10.0.19041.3636)
Time: Thu Jul  4 17:33:48 2024 SE Asia Standard Time elapsed time: 11.235209 seconds (0d 0h 0m 11s)

---------------  T H R E A D  ---------------

Current thread (0x0000015fde265800):  VMThread "VM Thread" [stack: 0x00000009cd800000,0x00000009cd900000] [id=2656]

Stack: [0x00000009cd800000,0x00000009cd900000]
[error occurred during error reporting (printing stack bounds), id 0xc0000005, EXCEPTION_ACCESS_VIOLATION (0xc0000005) at pc=0x0000015fc82c112d]

Native frames: (J=compiled Java code, j=interpreted, Vv=VM code, C=native code)
V  [jvm.dll+0x601d0a]
V  [jvm.dll+0x78ab6e]
V  [jvm.dll+0x78c23f]
V  [jvm.dll+0x78c865]
V  [jvm.dll+0x78c81b]
V  [jvm.dll+0x6011f3]
V  [jvm.dll+0x601908]
C  [ntdll.dll+0xa292f]
C  [ntdll.dll+0x52554]
C  [ntdll.dll+0xa143e]
C  0x0000015fc82c112d

VM_Operation (0x00000009cd2faf30): G1CollectForAllocation, mode: safepoint, requested by thread 0x0000015fc596c000


---------------  P R O C E S S  ---------------

Threads class SMR info:
_java_thread_list=0x0000015fdfc05000, length=11, elements={
0x0000015fc596c000, 0x0000015fde29b000, 0x0000015fde2a3800, 0x0000015fdebc2800,
0x0000015fdebc5000, 0x0000015fdebc9000, 0x0000015fdebcd800, 0x0000015fdebcf800,
0x0000015fdebd3000, 0x0000015fded62800, 0x0000015fdfdf9000
}

Java Threads: ( => current thread )
  0x0000015fc596c000 JavaThread "main" [_thread_blocked, id=6164, stack(0x00000009cd200000,0x00000009cd300000)]
  0x0000015fde29b000 JavaThread "Reference Handler" daemon [_thread_blocked, id=11608, stack(0x00000009cd900000,0x00000009cda00000)]
  0x0000015fde2a3800 JavaThread "Finalizer" daemon [_thread_blocked, id=9988, stack(0x00000009cda00000,0x00000009cdb00000)]
  0x0000015fdebc2800 JavaThread "Signal Dispatcher" daemon [_thread_blocked, id=13168, stack(0x00000009cdb00000,0x00000009cdc00000)]
  0x0000015fdebc5000 JavaThread "Attach Listener" daemon [_thread_blocked, id=1780, stack(0x00000009cdc00000,0x00000009cdd00000)]
  0x0000015fdebc9000 JavaThread "Service Thread" daemon [_thread_blocked, id=6212, stack(0x00000009cdd00000,0x00000009cde00000)]
  0x0000015fdebcd800 JavaThread "C2 CompilerThread0" daemon [_thread_blocked, id=9504, stack(0x00000009cde00000,0x00000009cdf00000)]
  0x0000015fdebcf800 JavaThread "C1 CompilerThread0" daemon [_thread_blocked, id=14172, stack(0x00000009cdf00000,0x00000009ce000000)]
  0x0000015fdebd3000 JavaThread "Sweeper thread" daemon [_thread_blocked, id=9708, stack(0x00000009ce000000,0x00000009ce100000)]
  0x0000015fded62800 JavaThread "Common-Cleaner" daemon [_thread_blocked, id=13096, stack(0x00000009ce200000,0x00000009ce300000)]
  0x0000015fdfdf9000 JavaThread "C2 CompilerThread1" daemon [_thread_blocked, id=12556, stack(0x00000009ce300000,0x00000009ce400000)]

Other Threads:
=>0x0000015fde265800 VMThread "VM Thread" [stack: 0x00000009cd800000,0x00000009cd900000] [id=2656]
  0x0000015fded58000 WatcherThread [stack: 0x00000009ce100000,0x00000009ce200000] [id=12728]
  0x0000015fc5983000 GCTaskThread "GC Thread#0" [stack: 0x00000009cd300000,0x00000009cd400000] [id=864]
  0x0000015fdf40f800 GCTaskThread "GC Thread#1" [stack: 0x00000009ce400000,0x00000009ce500000] [id=11276]
  0x0000015fdf6ee800 GCTaskThread "GC Thread#2" [stack: 0x00000009ce500000,0x00000009ce600000] [id=13368]
  0x0000015fe1211800 GCTaskThread "GC Thread#3" [stack: 0x00000009ce600000,0x00000009ce700000] [id=11992]
  0x0000015fc59b4000 ConcurrentGCThread "G1 Main Marker" [stack: 0x00000009cd400000,0x00000009cd500000] [id=9908]
  0x0000015fc59b6800 ConcurrentGCThread "G1 Conc#0" [stack: 0x00000009cd500000,0x00000009cd600000] [id=7888]
  0x0000015fde0d8800 ConcurrentGCThread "G1 Refine#0" [stack: 0x00000009cd600000,0x00000009cd700000] [id=12572]
  0x0000015fe2eba800 ConcurrentGCThread "G1 Refine#1" [stack: 0x00000009ce700000,0x00000009ce800000] [id=10208]
  0x0000015fe2a5d800 ConcurrentGCThread "G1 Refine#2" [stack: 0x00000009ce800000,0x00000009ce900000] [id=8284]
  0x0000015fe113a000 ConcurrentGCThread "G1 Refine#3" [stack: 0x00000009ce900000,0x00000009cea00000] [id=9032]
  0x0000015fde0d9000 ConcurrentGCThread "G1 Young RemSet Sampling" [stack: 0x00000009cd700000,0x00000009cd800000] [id=11688]

Threads with active compile tasks:
C2 CompilerThread0  11276 3449       4       java.util.Scanner::match (26 bytes)
C2 CompilerThread1  11276 3450       4       java.util.regex.Matcher::toMatchResult (14 bytes)

VM state:at safepoint (normal execution)

VM Mutex/Monitor currently owned by a thread:  ([mutex/lock_event])
[0x0000015fc5968850] Threads_lock - owner thread: 0x0000015fde265800
[0x0000015fc5968bb0] Heap_lock - owner thread: 0x0000015fc596c000

Heap address: 0x0000000082000000, size: 2016 MB, Compressed Oops mode: 32-bit
Narrow klass base: 0x0000000000000000, Narrow klass shift: 3
Compressed class space size: 1073741824 Address: 0x0000000100000000

Heap:
 garbage-first heap   total 565248K, used 120657K [0x0000000082000000, 0x0000000100000000)
  region size 1024K, 8 young (8192K), 8 survivors (8192K)
 Metaspace       used 22917K, capacity 23603K, committed 23936K, reserved 1071104K
  class space    used 2362K, capacity 2597K, committed 2688K, reserved 1048576K
Heap Regions: E=young(eden), S=young(survivor), O=old, HS=humongous(starts), HC=humongous(continues), CS=collection set, F=free, A=archive, TAMS=top-at-mark-start (previous, next)
|   0|0x0000000082000000, 0x0000000082100000, 0x0000000082100000|100%| O|  |TAMS 0x0000000082100000, 0x0000000082000000| Untracked 
|   1|0x0000000082100000, 0x0000000082200000, 0x0000000082200000|100%| O|  |TAMS 0x0000000082200000, 0x0000000082100000| Untracked 
|   2|0x0000000082200000, 0x0000000082300000, 0x0000000082300000|100%| O|  |TAMS 0x0000000082300000, 0x0000000082200000| Untracked 
|   3|0x0000000082300000, 0x0000000082400000, 0x0000000082400000|100%| O|  |TAMS 0x0000000082400000, 0x0000000082300000| Untracked 
|   4|0x0000000082400000, 0x0000000082500000, 0x0000000082500000|100%| O|  |TAMS 0x0000000082500000, 0x0000000082400000| Untracked 
|   5|0x0000000082500000, 0x0000000082600000, 0x0000000082600000|100%| O|  |TAMS 0x0000000082600000, 0x0000000082500000| Untracked 
|   6|0x0000000082600000, 0x0000000082700000, 0x0000000082700000|100%| O|  |TAMS 0x0000000082700000, 0x0000000082600000| Untracked 
|   7|0x0000000082700000, 0x0000000082800000, 0x0000000082800000|100%| O|  |TAMS 0x0000000082800000, 0x0000000082700000| Untracked 
|   8|0x0000000082800000, 0x0000000082900000, 0x0000000082900000|100%| O|  |TAMS 0x0000000082900000, 0x0000000082800000| Untracked 
|   9|0x0000000082900000, 0x0000000082a00000, 0x0000000082a00000|100%|HS|  |TAMS 0x0000000082a00000, 0x0000000082900000| Complete 
|  10|0x0000000082a00000, 0x0000000082b00000, 0x0000000082b00000|100%| O|  |TAMS 0x0000000082b00000, 0x0000000082a00000| Untracked 
|  11|0x0000000082b00000, 0x0000000082c00000, 0x0000000082c00000|100%| O|  |TAMS 0x0000000082c00000, 0x0000000082b00000| Untracked 
|  12|0x0000000082c00000, 0x0000000082d00000, 0x0000000082d00000|100%| O|  |TAMS 0x0000000082d00000, 0x0000000082c00000| Untracked 
|  13|0x0000000082d00000, 0x0000000082e00000, 0x0000000082e00000|100%| O|  |TAMS 0x0000000082e00000, 0x0000000082d00000| Untracked 
|  14|0x0000000082e00000, 0x0000000082f00000, 0x0000000082f00000|100%| O|  |TAMS 0x0000000082f00000, 0x0000000082e00000| Untracked 
|  15|0x0000000082f00000, 0x0000000083000000, 0x0000000083000000|100%| O|  |TAMS 0x0000000082f00000, 0x0000000082f00000| Untracked 
|  16|0x0000000083000000, 0x0000000083100000, 0x0000000083100000|100%| O|  |TAMS 0x0000000083000000, 0x0000000083000000| Untracked 
|  17|0x0000000083100000, 0x0000000083200000, 0x0000000083200000|100%| O|  |TAMS 0x0000000083100000, 0x0000000083100000| Untracked 
|  18|0x0000000083200000, 0x0000000083300000, 0x0000000083300000|100%| O|  |TAMS 0x0000000083200000, 0x0000000083200000| Untracked 
|  19|0x0000000083300000, 0x0000000083400000, 0x0000000083400000|100%| O|  |TAMS 0x0000000083300000, 0x0000000083300000| Untracked 
|  20|0x0000000083400000, 0x0000000083500000, 0x0000000083500000|100%| O|  |TAMS 0x0000000083400000, 0x0000000083400000| Untracked 
|  21|0x0000000083500000, 0x0000000083600000, 0x0000000083600000|100%| O|  |TAMS 0x0000000083500000, 0x0000000083500000| Untracked 
|  22|0x0000000083600000, 0x0000000083700000, 0x0000000083700000|100%| O|  |TAMS 0x0000000083600000, 0x0000000083600000| Untracked 
|  23|0x0000000083700000, 0x0000000083800000, 0x0000000083800000|100%| O|  |TAMS 0x0000000083700000, 0x0000000083700000| Untracked 
|  24|0x0000000083800000, 0x0000000083900000, 0x0000000083900000|100%| O|  |TAMS 0x0000000083800000, 0x0000000083800000| Untracked 
|  25|0x0000000083900000, 0x0000000083a00000, 0x0000000083a00000|100%| O|  |TAMS 0x0000000083900000, 0x0000000083900000| Untracked 
|  26|0x0000000083a00000, 0x0000000083b00000, 0x0000000083b00000|100%| O|  |TAMS 0x0000000083a00000, 0x0000000083a00000| Untracked 
|  27|0x0000000083b00000, 0x0000000083c00000, 0x0000000083c00000|100%| O|  |TAMS 0x0000000083b00000, 0x0000000083b00000| Untracked 
|  28|0x0000000083c00000, 0x0000000083d00000, 0x0000000083d00000|100%| O|  |TAMS 0x0000000083c00000, 0x0000000083c00000| Untracked 
|  29|0x0000000083d00000, 0x0000000083e00000, 0x0000000083e00000|100%| O|  |TAMS 0x0000000083d00000, 0x0000000083d00000| Untracked 
|  30|0x0000000083e00000, 0x0000000083f00000, 0x0000000083f00000|100%| O|  |TAMS 0x0000000083e00000, 0x0000000083e00000| Untracked 
|  31|0x0000000083f00000, 0x0000000084000000, 0x0000000084000000|100%| O|  |TAMS 0x0000000083f00000, 0x0000000083f00000| Untracked 
|  32|0x0000000084000000, 0x0000000084100000, 0x0000000084100000|100%| O|  |TAMS 0x0000000084000000, 0x0000000084000000| Untracked 
|  33|0x0000000084100000, 0x0000000084200000, 0x0000000084200000|100%| O|  |TAMS 0x0000000084100000, 0x0000000084100000| Untracked 
|  34|0x0000000084200000, 0x0000000084300000, 0x0000000084300000|100%| O|  |TAMS 0x0000000084200000, 0x0000000084200000| Untracked 
|  35|0x0000000084300000, 0x0000000084400000, 0x0000000084400000|100%| O|  |TAMS 0x0000000084300000, 0x0000000084300000| Untracked 
|  36|0x0000000084400000, 0x0000000084500000, 0x0000000084500000|100%| O|  |TAMS 0x0000000084400000, 0x0000000084400000| Untracked 
|  37|0x0000000084500000, 0x0000000084600000, 0x0000000084600000|100%| O|  |TAMS 0x0000000084500000, 0x0000000084500000| Untracked 
|  38|0x0000000084600000, 0x0000000084700000, 0x0000000084700000|100%| O|  |TAMS 0x0000000084600000, 0x0000000084600000| Untracked 
|  39|0x0000000084700000, 0x0000000084800000, 0x0000000084800000|100%| O|  |TAMS 0x0000000084700000, 0x0000000084700000| Untracked 
|  40|0x0000000084800000, 0x0000000084900000, 0x0000000084900000|100%| O|  |TAMS 0x0000000084800000, 0x0000000084800000| Untracked 
|  41|0x0000000084900000, 0x0000000084a00000, 0x0000000084a00000|100%| O|  |TAMS 0x0000000084900000, 0x0000000084900000| Untracked 
|  42|0x0000000084a00000, 0x0000000084b00000, 0x0000000084b00000|100%| O|  |TAMS 0x0000000084a00000, 0x0000000084a00000| Untracked 
|  43|0x0000000084b00000, 0x0000000084c00000, 0x0000000084c00000|100%|HS|  |TAMS 0x0000000084b00000, 0x0000000084b00000| Complete 
|  44|0x0000000084c00000, 0x0000000084d00000, 0x0000000084d00000|100%| O|  |TAMS 0x0000000084c00000, 0x0000000084c00000| Untracked 
|  45|0x0000000084d00000, 0x0000000084e00000, 0x0000000084e00000|100%| O|  |TAMS 0x0000000084d00000, 0x0000000084d00000| Untracked 
|  46|0x0000000084e00000, 0x0000000084f00000, 0x0000000084f00000|100%| O|  |TAMS 0x0000000084e00000, 0x0000000084e00000| Untracked 
|  47|0x0000000084f00000, 0x0000000085000000, 0x0000000085000000|100%|HS|  |TAMS 0x0000000084f00000, 0x0000000084f00000| Complete 
|  48|0x0000000085000000, 0x0000000085100000, 0x0000000085100000|100%|HC|  |TAMS 0x0000000085000000, 0x0000000085000000| Complete 
|  49|0x0000000085100000, 0x0000000085200000, 0x0000000085200000|100%| O|  |TAMS 0x0000000085100000, 0x0000000085100000| Untracked 
|  50|0x0000000085200000, 0x0000000085300000, 0x0000000085300000|100%| O|  |TAMS 0x0000000085200000, 0x0000000085200000| Untracked 
|  51|0x0000000085300000, 0x0000000085400000, 0x0000000085400000|100%| O|  |TAMS 0x0000000085300000, 0x0000000085300000| Untracked 
|  52|0x0000000085400000, 0x0000000085500000, 0x0000000085500000|100%| O|  |TAMS 0x0000000085400000, 0x0000000085400000| Untracked 
|  53|0x0000000085500000, 0x0000000085600000, 0x0000000085600000|100%| O|  |TAMS 0x0000000085500000, 0x0000000085500000| Untracked 
|  54|0x0000000085600000, 0x0000000085700000, 0x0000000085700000|100%| O|  |TAMS 0x0000000085600000, 0x0000000085600000| Untracked 
|  55|0x0000000085700000, 0x0000000085800000, 0x0000000085800000|100%| O|  |TAMS 0x0000000085700000, 0x0000000085700000| Untracked 
|  56|0x0000000085800000, 0x0000000085900000, 0x0000000085900000|100%| O|  |TAMS 0x0000000085800000, 0x0000000085800000| Untracked 
|  57|0x0000000085900000, 0x0000000085a00000, 0x0000000085a00000|100%| O|  |TAMS 0x0000000085900000, 0x0000000085900000| Untracked 
|  58|0x0000000085a00000, 0x0000000085b00000, 0x0000000085b00000|100%| O|  |TAMS 0x0000000085a00000, 0x0000000085a00000| Untracked 
|  59|0x0000000085b00000, 0x0000000085c00000, 0x0000000085c00000|100%| O|  |TAMS 0x0000000085b00000, 0x0000000085b00000| Untracked 
|  60|0x0000000085c00000, 0x0000000085d00000, 0x0000000085d00000|100%| O|  |TAMS 0x0000000085c00000, 0x0000000085c00000| Untracked 
|  61|0x0000000085d00000, 0x0000000085e00000, 0x0000000085e00000|100%| O|  |TAMS 0x0000000085d00000, 0x0000000085d00000| Untracked 
|  62|0x0000000085e00000, 0x0000000085f00000, 0x0000000085f00000|100%| O|  |TAMS 0x0000000085e00000, 0x0000000085e00000| Untracked 
|  63|0x0000000085f00000, 0x0000000086000000, 0x0000000086000000|100%|HS|  |TAMS 0x0000000085f00000, 0x0000000085f00000| Complete 
|  64|0x0000000086000000, 0x0000000086100000, 0x0000000086100000|100%|HC|  |TAMS 0x0000000086000000, 0x0000000086000000| Complete 
|  65|0x0000000086100000, 0x0000000086200000, 0x0000000086200000|100%|HC|  |TAMS 0x0000000086100000, 0x0000000086100000| Complete 
|  66|0x0000000086200000, 0x0000000086300000, 0x0000000086300000|100%| O|  |TAMS 0x0000000086200000, 0x0000000086200000| Untracked 
|  67|0x0000000086300000, 0x0000000086400000, 0x0000000086400000|100%| O|  |TAMS 0x0000000086300000, 0x0000000086300000| Untracked 
|  68|0x0000000086400000, 0x0000000086500000, 0x0000000086500000|100%| O|  |TAMS 0x0000000086400000, 0x0000000086400000| Untracked 
|  69|0x0000000086500000, 0x0000000086600000, 0x0000000086600000|100%| O|  |TAMS 0x0000000086500000, 0x0000000086500000| Untracked 
|  70|0x0000000086600000, 0x0000000086700000, 0x0000000086700000|100%| O|  |TAMS 0x0000000086600000, 0x0000000086600000| Untracked 
|  71|0x0000000086700000, 0x0000000086800000, 0x0000000086800000|100%| O|  |TAMS 0x0000000086700000, 0x0000000086700000| Untracked 
|  72|0x0000000086800000, 0x0000000086800000, 0x0000000086900000|  0%| F|  |TAMS 0x0000000086800000, 0x0000000086800000| Untracked 
|  73|0x0000000086900000, 0x0000000086900000, 0x0000000086a00000|  0%| F|  |TAMS 0x0000000086900000, 0x0000000086900000| Untracked 
|  74|0x0000000086a00000, 0x0000000086a00000, 0x0000000086b00000|  0%| F|  |TAMS 0x0000000086a00000, 0x0000000086a00000| Untracked 
|  75|0x0000000086b00000, 0x0000000086b00000, 0x0000000086c00000|  0%| F|  |TAMS 0x0000000086b00000, 0x0000000086b00000| Untracked 
|  76|0x0000000086c00000, 0x0000000086c00000, 0x0000000086d00000|  0%| F|  |TAMS 0x0000000086c00000, 0x0000000086c00000| Untracked 
|  77|0x0000000086d00000, 0x0000000086d00000, 0x0000000086e00000|  0%| F|  |TAMS 0x0000000086d00000, 0x0000000086d00000| Untracked 
|  78|0x0000000086e00000, 0x0000000086f00000, 0x0000000086f00000|100%|HS|  |TAMS 0x0000000086e00000, 0x0000000086e00000| Complete 
|  79|0x0000000086f00000, 0x0000000087000000, 0x0000000087000000|100%|HC|  |TAMS 0x0000000086f00000, 0x0000000086f00000| Complete 
|  80|0x0000000087000000, 0x0000000087000000, 0x0000000087100000|  0%| F|  |TAMS 0x0000000087000000, 0x0000000087000000| Untracked 
|  81|0x0000000087100000, 0x0000000087100000, 0x0000000087200000|  0%| F|  |TAMS 0x0000000087100000, 0x0000000087100000| Untracked 
|  82|0x0000000087200000, 0x0000000087200000, 0x0000000087300000|  0%| F|  |TAMS 0x0000000087200000, 0x0000000087200000| Untracked 
|  83|0x0000000087300000, 0x0000000087300000, 0x0000000087400000|  0%| F|  |TAMS 0x0000000087300000, 0x0000000087300000| Untracked 
|  84|0x0000000087400000, 0x0000000087400000, 0x0000000087500000|  0%| F|  |TAMS 0x0000000087400000, 0x0000000087400000| Untracked 
|  85|0x0000000087500000, 0x0000000087500000, 0x0000000087600000|  0%| F|  |TAMS 0x0000000087500000, 0x0000000087500000| Untracked 
|  86|0x0000000087600000, 0x0000000087700000, 0x0000000087700000|100%|HS|  |TAMS 0x0000000087600000, 0x0000000087600000| Complete 
|  87|0x0000000087700000, 0x0000000087800000, 0x0000000087800000|100%|HC|  |TAMS 0x0000000087700000, 0x0000000087700000| Complete 
|  88|0x0000000087800000, 0x0000000087900000, 0x0000000087900000|100%|HS|  |TAMS 0x0000000087800000, 0x0000000087800000| Complete 
|  89|0x0000000087900000, 0x0000000087a00000, 0x0000000087a00000|100%| O|  |TAMS 0x0000000087900000, 0x0000000087900000| Untracked 
|  90|0x0000000087a00000, 0x0000000087b00000, 0x0000000087b00000|100%| O|  |TAMS 0x0000000087a00000, 0x0000000087a00000| Untracked 
|  91|0x0000000087b00000, 0x0000000087c00000, 0x0000000087c00000|100%| O|  |TAMS 0x0000000087b00000, 0x0000000087b00000| Untracked 
|  92|0x0000000087c00000, 0x0000000087d00000, 0x0000000087d00000|100%| O|  |TAMS 0x0000000087c00000, 0x0000000087c00000| Untracked 
|  93|0x0000000087d00000, 0x0000000087e00000, 0x0000000087e00000|100%| O|  |TAMS 0x0000000087d00000, 0x0000000087d00000| Untracked 
|  94|0x0000000087e00000, 0x0000000087f00000, 0x0000000087f00000|100%| O|  |TAMS 0x0000000087e00000, 0x0000000087e00000| Untracked 
|  95|0x0000000087f00000, 0x0000000088000000, 0x0000000088000000|100%| O|  |TAMS 0x0000000087f00000, 0x0000000087f00000| Untracked 
|  96|0x0000000088000000, 0x0000000088100000, 0x0000000088100000|100%| O|  |TAMS 0x0000000088000000, 0x0000000088000000| Untracked 
|  97|0x0000000088100000, 0x0000000088200000, 0x0000000088200000|100%| O|  |TAMS 0x0000000088100000, 0x0000000088100000| Untracked 
|  98|0x0000000088200000, 0x0000000088200000, 0x0000000088300000|  0%| F|  |TAMS 0x0000000088200000, 0x0000000088200000| Untracked 
|  99|0x0000000088300000, 0x0000000088300000, 0x0000000088400000|  0%| F|  |TAMS 0x0000000088300000, 0x0000000088300000| Untracked 
| 100|0x0000000088400000, 0x0000000088400000, 0x0000000088500000|  0%| F|  |TAMS 0x0000000088400000, 0x0000000088400000| Untracked 
| 101|0x0000000088500000, 0x0000000088500000, 0x0000000088600000|  0%| F|  |TAMS 0x0000000088500000, 0x0000000088500000| Untracked 
| 102|0x0000000088600000, 0x0000000088600000, 0x0000000088700000|  0%| F|  |TAMS 0x0000000088600000, 0x0000000088600000| Untracked 
| 103|0x0000000088700000, 0x0000000088700000, 0x0000000088800000|  0%| F|  |TAMS 0x0000000088700000, 0x0000000088700000| Untracked 
| 104|0x0000000088800000, 0x0000000088800000, 0x0000000088900000|  0%| F|  |TAMS 0x0000000088800000, 0x0000000088800000| Untracked 
| 105|0x0000000088900000, 0x0000000088900000, 0x0000000088a00000|  0%| F|  |TAMS 0x0000000088900000, 0x0000000088900000| Untracked 
| 106|0x0000000088a00000, 0x0000000088a00000, 0x0000000088b00000|  0%| F|  |TAMS 0x0000000088a00000, 0x0000000088a00000| Untracked 
| 107|0x0000000088b00000, 0x0000000088c00000, 0x0000000088c00000|100%|HS|  |TAMS 0x0000000088b00000, 0x0000000088b00000| Complete 
| 108|0x0000000088c00000, 0x0000000088d00000, 0x0000000088d00000|100%|HC|  |TAMS 0x0000000088c00000, 0x0000000088c00000| Complete 
| 109|0x0000000088d00000, 0x0000000088e00000, 0x0000000088e00000|100%|HC|  |TAMS 0x0000000088d00000, 0x0000000088d00000| Complete 
| 110|0x0000000088e00000, 0x0000000088f00000, 0x0000000088f00000|100%|HC|  |TAMS 0x0000000088e00000, 0x0000000088e00000| Complete 
| 111|0x0000000088f00000, 0x0000000089000000, 0x0000000089000000|100%|HC|  |TAMS 0x0000000088f00000, 0x0000000088f00000| Complete 
| 112|0x0000000089000000, 0x0000000089000000, 0x0000000089100000|  0%| F|  |TAMS 0x0000000089000000, 0x0000000089000000| Untracked 
| 113|0x0000000089100000, 0x0000000089100000, 0x0000000089200000|  0%| F|  |TAMS 0x0000000089100000, 0x0000000089100000| Untracked 
| 114|0x0000000089200000, 0x0000000089200000, 0x0000000089300000|  0%| F|  |TAMS 0x0000000089200000, 0x0000000089200000| Untracked 
| 115|0x0000000089300000, 0x0000000089300000, 0x0000000089400000|  0%| F|  |TAMS 0x0000000089300000, 0x0000000089300000| Untracked 
| 116|0x0000000089400000, 0x0000000089400000, 0x0000000089500000|  0%| F|  |TAMS 0x0000000089400000, 0x0000000089400000| Untracked 
| 117|0x0000000089500000, 0x0000000089600000, 0x0000000089600000|100%|HS|  |TAMS 0x0000000089500000, 0x0000000089500000| Complete 
| 118|0x0000000089600000, 0x0000000089700000, 0x0000000089700000|100%|HC|  |TAMS 0x0000000089600000, 0x0000000089600000| Complete 
| 119|0x0000000089700000, 0x0000000089800000, 0x0000000089800000|100%| O|  |TAMS 0x0000000089700000, 0x0000000089700000| Untracked 
| 120|0x0000000089800000, 0x0000000089900000, 0x0000000089900000|100%| O|  |TAMS 0x0000000089800000, 0x0000000089800000| Untracked 
| 121|0x0000000089900000, 0x0000000089a00000, 0x0000000089a00000|100%| O|  |TAMS 0x0000000089900000, 0x0000000089900000| Untracked 
| 122|0x0000000089a00000, 0x0000000089b00000, 0x0000000089b00000|100%| O|  |TAMS 0x0000000089a00000, 0x0000000089a00000| Untracked 
| 123|0x0000000089b00000, 0x0000000089b00000, 0x0000000089c00000|  0%| F|  |TAMS 0x0000000089b00000, 0x0000000089b00000| Untracked 
| 124|0x0000000089c00000, 0x0000000089c00000, 0x0000000089d00000|  0%| F|  |TAMS 0x0000000089c00000, 0x0000000089c00000| Untracked 
| 125|0x0000000089d00000, 0x0000000089d00000, 0x0000000089e00000|  0%| F|  |TAMS 0x0000000089d00000, 0x0000000089d00000| Untracked 
| 126|0x0000000089e00000, 0x0000000089e00000, 0x0000000089f00000|  0%| F|  |TAMS 0x0000000089e00000, 0x0000000089e00000| Untracked 
| 127|0x0000000089f00000, 0x0000000089f00000, 0x000000008a000000|  0%| F|  |TAMS 0x0000000089f00000, 0x0000000089f00000| Untracked 
| 128|0x000000008a000000, 0x000000008a000000, 0x000000008a100000|  0%| F|  |TAMS 0x000000008a000000, 0x000000008a000000| Untracked 
| 129|0x000000008a100000, 0x000000008a100000, 0x000000008a200000|  0%| F|  |TAMS 0x000000008a100000, 0x000000008a100000| Untracked 
| 130|0x000000008a200000, 0x000000008a200000, 0x000000008a300000|  0%| F|  |TAMS 0x000000008a200000, 0x000000008a200000| Untracked 
| 131|0x000000008a300000, 0x000000008a300000, 0x000000008a400000|  0%| F|  |TAMS 0x000000008a300000, 0x000000008a300000| Untracked 
| 132|0x000000008a400000, 0x000000008a400000, 0x000000008a500000|  0%| F|  |TAMS 0x000000008a400000, 0x000000008a400000| Untracked 
| 133|0x000000008a500000, 0x000000008a500000, 0x000000008a600000|  0%| F|  |TAMS 0x000000008a500000, 0x000000008a500000| Untracked 
| 134|0x000000008a600000, 0x000000008a600000, 0x000000008a700000|  0%| F|  |TAMS 0x000000008a600000, 0x000000008a600000| Untracked 
| 135|0x000000008a700000, 0x000000008a700000, 0x000000008a800000|  0%| F|  |TAMS 0x000000008a700000, 0x000000008a700000| Untracked 
| 136|0x000000008a800000, 0x000000008a800000, 0x000000008a900000|  0%| F|  |TAMS 0x000000008a800000, 0x000000008a800000| Untracked 
| 137|0x000000008a900000, 0x000000008a900000, 0x000000008aa00000|  0%| F|  |TAMS 0x000000008a900000, 0x000000008a900000| Untracked 
| 138|0x000000008aa00000, 0x000000008aa00000, 0x000000008ab00000|  0%| F|  |TAMS 0x000000008aa00000, 0x000000008aa00000| Untracked 
| 139|0x000000008ab00000, 0x000000008ab00000, 0x000000008ac00000|  0%| F|  |TAMS 0x000000008ab00000, 0x000000008ab00000| Untracked 
| 140|0x000000008ac00000, 0x000000008ac00000, 0x000000008ad00000|  0%| F|  |TAMS 0x000000008ac00000, 0x000000008ac00000| Untracked 
| 141|0x000000008ad00000, 0x000000008ae00000, 0x000000008ae00000|100%| O|  |TAMS 0x000000008ad00000, 0x000000008ad00000| Untracked 
| 142|0x000000008ae00000, 0x000000008af00000, 0x000000008af00000|100%| O|  |TAMS 0x000000008ae00000, 0x000000008ae00000| Untracked 
| 143|0x000000008af00000, 0x000000008b000000, 0x000000008b000000|100%| O|  |TAMS 0x000000008af00000, 0x000000008af00000| Untracked 
| 144|0x000000008b000000, 0x000000008b100000, 0x000000008b100000|100%| O|  |TAMS 0x000000008b000000, 0x000000008b000000| Untracked 
| 145|0x000000008b100000, 0x000000008b200000, 0x000000008b200000|100%| O|  |TAMS 0x000000008b100000, 0x000000008b100000| Untracked 
| 146|0x000000008b200000, 0x000000008b300000, 0x000000008b300000|100%| O|  |TAMS 0x000000008b200000, 0x000000008b200000| Untracked 
| 147|0x000000008b300000, 0x000000008b400000, 0x000000008b400000|100%| O|  |TAMS 0x000000008b300000, 0x000000008b300000| Untracked 
| 148|0x000000008b400000, 0x000000008b500000, 0x000000008b500000|100%| O|  |TAMS 0x000000008b400000, 0x000000008b400000| Untracked 
| 149|0x000000008b500000, 0x000000008b600000, 0x000000008b600000|100%| O|  |TAMS 0x000000008b500000, 0x000000008b500000| Untracked 
| 150|0x000000008b600000, 0x000000008b700000, 0x000000008b700000|100%| O|  |TAMS 0x000000008b600000, 0x000000008b600000| Untracked 
| 151|0x000000008b700000, 0x000000008b800000, 0x000000008b800000|100%| O|  |TAMS 0x000000008b700000, 0x000000008b700000| Untracked 
| 152|0x000000008b800000, 0x000000008b900000, 0x000000008b900000|100%| O|  |TAMS 0x000000008b800000, 0x000000008b800000| Untracked 
| 153|0x000000008b900000, 0x000000008ba00000, 0x000000008ba00000|100%| S|CS|TAMS 0x000000008b900000, 0x000000008b900000| Complete 
| 154|0x000000008ba00000, 0x000000008bb00000, 0x000000008bb00000|100%| S|CS|TAMS 0x000000008ba00000, 0x000000008ba00000| Complete 
| 155|0x000000008bb00000, 0x000000008bc00000, 0x000000008bc00000|100%| S|CS|TAMS 0x000000008bb00000, 0x000000008bb00000| Complete 
| 156|0x000000008bc00000, 0x000000008bd00000, 0x000000008bd00000|100%| S|CS|TAMS 0x000000008bc00000, 0x000000008bc00000| Complete 
| 157|0x000000008bd00000, 0x000000008bd00000, 0x000000008be00000|  0%| F|  |TAMS 0x000000008bd00000, 0x000000008bd00000| Untracked 
| 158|0x000000008be00000, 0x000000008be00000, 0x000000008bf00000|  0%| F|  |TAMS 0x000000008be00000, 0x000000008be00000| Untracked 
| 159|0x000000008bf00000, 0x000000008bf00000, 0x000000008c000000|  0%| F|  |TAMS 0x000000008bf00000, 0x000000008bf00000| Untracked 
| 160|0x000000008c000000, 0x000000008c000000, 0x000000008c100000|  0%| F|  |TAMS 0x000000008c000000, 0x000000008c000000| Untracked 
| 161|0x000000008c100000, 0x000000008c100000, 0x000000008c200000|  0%| F|  |TAMS 0x000000008c100000, 0x000000008c100000| Untracked 
| 162|0x000000008c200000, 0x000000008c200000, 0x000000008c300000|  0%| F|  |TAMS 0x000000008c200000, 0x000000008c200000| Untracked 
| 163|0x000000008c300000, 0x000000008c300000, 0x000000008c400000|  0%| F|  |TAMS 0x000000008c300000, 0x000000008c300000| Untracked 
| 164|0x000000008c400000, 0x000000008c400000, 0x000000008c500000|  0%| F|  |TAMS 0x000000008c400000, 0x000000008c400000| Untracked 
| 165|0x000000008c500000, 0x000000008c500000, 0x000000008c600000|  0%| F|  |TAMS 0x000000008c500000, 0x000000008c500000| Untracked 
| 166|0x000000008c600000, 0x000000008c600000, 0x000000008c700000|  0%| F|  |TAMS 0x000000008c600000, 0x000000008c600000| Untracked 
| 167|0x000000008c700000, 0x000000008c700000, 0x000000008c800000|  0%| F|  |TAMS 0x000000008c700000, 0x000000008c700000| Untracked 
| 168|0x000000008c800000, 0x000000008c800000, 0x000000008c900000|  0%| F|  |TAMS 0x000000008c800000, 0x000000008c800000| Untracked 
| 169|0x000000008c900000, 0x000000008c900000, 0x000000008ca00000|  0%| F|  |TAMS 0x000000008c900000, 0x000000008c900000| Untracked 
| 170|0x000000008ca00000, 0x000000008ca00000, 0x000000008cb00000|  0%| F|  |TAMS 0x000000008ca00000, 0x000000008ca00000| Untracked 
| 171|0x000000008cb00000, 0x000000008cb00000, 0x000000008cc00000|  0%| F|  |TAMS 0x000000008cb00000, 0x000000008cb00000| Untracked 
| 172|0x000000008cc00000, 0x000000008cc00000, 0x000000008cd00000|  0%| F|  |TAMS 0x000000008cc00000, 0x000000008cc00000| Untracked 
| 173|0x000000008cd00000, 0x000000008cd00000, 0x000000008ce00000|  0%| F|  |TAMS 0x000000008cd00000, 0x000000008cd00000| Untracked 
| 174|0x000000008ce00000, 0x000000008ce00000, 0x000000008cf00000|  0%| F|  |TAMS 0x000000008ce00000, 0x000000008ce00000| Untracked 
| 175|0x000000008cf00000, 0x000000008cf00000, 0x000000008d000000|  0%| F|  |TAMS 0x000000008cf00000, 0x000000008cf00000| Untracked 
| 176|0x000000008d000000, 0x000000008d000000, 0x000000008d100000|  0%| F|  |TAMS 0x000000008d000000, 0x000000008d000000| Untracked 
| 177|0x000000008d100000, 0x000000008d100000, 0x000000008d200000|  0%| F|  |TAMS 0x000000008d100000, 0x000000008d100000| Untracked 
| 178|0x000000008d200000, 0x000000008d200000, 0x000000008d300000|  0%| F|  |TAMS 0x000000008d200000, 0x000000008d200000| Untracked 
| 179|0x000000008d300000, 0x000000008d300000, 0x000000008d400000|  0%| F|  |TAMS 0x000000008d300000, 0x000000008d300000| Untracked 
| 180|0x000000008d400000, 0x000000008d400000, 0x000000008d500000|  0%| F|  |TAMS 0x000000008d400000, 0x000000008d400000| Untracked 
| 181|0x000000008d500000, 0x000000008d500000, 0x000000008d600000|  0%| F|  |TAMS 0x000000008d500000, 0x000000008d500000| Untracked 
| 182|0x000000008d600000, 0x000000008d600000, 0x000000008d700000|  0%| F|  |TAMS 0x000000008d600000, 0x000000008d600000| Untracked 
| 183|0x000000008d700000, 0x000000008d700000, 0x000000008d800000|  0%| F|  |TAMS 0x000000008d700000, 0x000000008d700000| Untracked 
| 184|0x000000008d800000, 0x000000008d800000, 0x000000008d900000|  0%| F|  |TAMS 0x000000008d800000, 0x000000008d800000| Untracked 
| 185|0x000000008d900000, 0x000000008d900000, 0x000000008da00000|  0%| F|  |TAMS 0x000000008d900000, 0x000000008d900000| Untracked 
| 186|0x000000008da00000, 0x000000008da00000, 0x000000008db00000|  0%| F|  |TAMS 0x000000008da00000, 0x000000008da00000| Untracked 
| 187|0x000000008db00000, 0x000000008db00000, 0x000000008dc00000|  0%| F|  |TAMS 0x000000008db00000, 0x000000008db00000| Untracked 
| 188|0x000000008dc00000, 0x000000008dc00000, 0x000000008dd00000|  0%| F|  |TAMS 0x000000008dc00000, 0x000000008dc00000| Untracked 
| 189|0x000000008dd00000, 0x000000008dd00000, 0x000000008de00000|  0%| F|  |TAMS 0x000000008dd00000, 0x000000008dd00000| Untracked 
| 190|0x000000008de00000, 0x000000008de00000, 0x000000008df00000|  0%| F|  |TAMS 0x000000008de00000, 0x000000008de00000| Untracked 
| 191|0x000000008df00000, 0x000000008df00000, 0x000000008e000000|  0%| F|  |TAMS 0x000000008df00000, 0x000000008df00000| Untracked 
| 192|0x000000008e000000, 0x000000008e000000, 0x000000008e100000|  0%| F|  |TAMS 0x000000008e000000, 0x000000008e000000| Untracked 
| 193|0x000000008e100000, 0x000000008e100000, 0x000000008e200000|  0%| F|  |TAMS 0x000000008e100000, 0x000000008e100000| Untracked 
| 194|0x000000008e200000, 0x000000008e200000, 0x000000008e300000|  0%| F|  |TAMS 0x000000008e200000, 0x000000008e200000| Untracked 
| 195|0x000000008e300000, 0x000000008e300000, 0x000000008e400000|  0%| F|  |TAMS 0x000000008e300000, 0x000000008e300000| Untracked 
| 196|0x000000008e400000, 0x000000008e400000, 0x000000008e500000|  0%| F|  |TAMS 0x000000008e400000, 0x000000008e400000| Untracked 
| 197|0x000000008e500000, 0x000000008e500000, 0x000000008e600000|  0%| F|  |TAMS 0x000000008e500000, 0x000000008e500000| Untracked 
| 198|0x000000008e600000, 0x000000008e600000, 0x000000008e700000|  0%| F|  |TAMS 0x000000008e600000, 0x000000008e600000| Untracked 
| 199|0x000000008e700000, 0x000000008e700000, 0x000000008e800000|  0%| F|  |TAMS 0x000000008e700000, 0x000000008e700000| Untracked 
| 200|0x000000008e800000, 0x000000008e800000, 0x000000008e900000|  0%| F|  |TAMS 0x000000008e800000, 0x000000008e800000| Untracked 
| 201|0x000000008e900000, 0x000000008e900000, 0x000000008ea00000|  0%| F|  |TAMS 0x000000008e900000, 0x000000008e900000| Untracked 
| 202|0x000000008ea00000, 0x000000008ea00000, 0x000000008eb00000|  0%| F|  |TAMS 0x000000008ea00000, 0x000000008ea00000| Untracked 
| 203|0x000000008eb00000, 0x000000008eb00000, 0x000000008ec00000|  0%| F|  |TAMS 0x000000008eb00000, 0x000000008eb00000| Untracked 
| 204|0x000000008ec00000, 0x000000008ec00000, 0x000000008ed00000|  0%| F|  |TAMS 0x000000008ec00000, 0x000000008ec00000| Untracked 
| 205|0x000000008ed00000, 0x000000008ed00000, 0x000000008ee00000|  0%| F|  |TAMS 0x000000008ed00000, 0x000000008ed00000| Untracked 
| 206|0x000000008ee00000, 0x000000008ee00000, 0x000000008ef00000|  0%| F|  |TAMS 0x000000008ee00000, 0x000000008ee00000| Untracked 
| 207|0x000000008ef00000, 0x000000008ef00000, 0x000000008f000000|  0%| F|  |TAMS 0x000000008ef00000, 0x000000008ef00000| Untracked 
| 208|0x000000008f000000, 0x000000008f000000, 0x000000008f100000|  0%| F|  |TAMS 0x000000008f000000, 0x000000008f000000| Untracked 
| 209|0x000000008f100000, 0x000000008f100000, 0x000000008f200000|  0%| F|  |TAMS 0x000000008f100000, 0x000000008f100000| Untracked 
| 210|0x000000008f200000, 0x000000008f200000, 0x000000008f300000|  0%| F|  |TAMS 0x000000008f200000, 0x000000008f200000| Untracked 
| 211|0x000000008f300000, 0x000000008f300000, 0x000000008f400000|  0%| F|  |TAMS 0x000000008f300000, 0x000000008f300000| Untracked 
| 212|0x000000008f400000, 0x000000008f400000, 0x000000008f500000|  0%| F|  |TAMS 0x000000008f400000, 0x000000008f400000| Untracked 
| 213|0x000000008f500000, 0x000000008f500000, 0x000000008f600000|  0%| F|  |TAMS 0x000000008f500000, 0x000000008f500000| Untracked 
| 214|0x000000008f600000, 0x000000008f600000, 0x000000008f700000|  0%| F|  |TAMS 0x000000008f600000, 0x000000008f600000| Untracked 
| 215|0x000000008f700000, 0x000000008f700000, 0x000000008f800000|  0%| F|  |TAMS 0x000000008f700000, 0x000000008f700000| Untracked 
| 216|0x000000008f800000, 0x000000008f800000, 0x000000008f900000|  0%| F|  |TAMS 0x000000008f800000, 0x000000008f800000| Untracked 
| 217|0x000000008f900000, 0x000000008f900000, 0x000000008fa00000|  0%| F|  |TAMS 0x000000008f900000, 0x000000008f900000| Untracked 
| 218|0x000000008fa00000, 0x000000008fa00000, 0x000000008fb00000|  0%| F|  |TAMS 0x000000008fa00000, 0x000000008fa00000| Untracked 
| 219|0x000000008fb00000, 0x000000008fb00000, 0x000000008fc00000|  0%| F|  |TAMS 0x000000008fb00000, 0x000000008fb00000| Untracked 
| 220|0x000000008fc00000, 0x000000008fc00000, 0x000000008fd00000|  0%| F|  |TAMS 0x000000008fc00000, 0x000000008fc00000| Untracked 
| 221|0x000000008fd00000, 0x000000008fd00000, 0x000000008fe00000|  0%| F|  |TAMS 0x000000008fd00000, 0x000000008fd00000| Untracked 
| 222|0x000000008fe00000, 0x000000008fe00000, 0x000000008ff00000|  0%| F|  |TAMS 0x000000008fe00000, 0x000000008fe00000| Untracked 
| 223|0x000000008ff00000, 0x000000008ff00000, 0x0000000090000000|  0%| F|  |TAMS 0x000000008ff00000, 0x000000008ff00000| Untracked 
| 224|0x0000000090000000, 0x0000000090000000, 0x0000000090100000|  0%| F|  |TAMS 0x0000000090000000, 0x0000000090000000| Untracked 
| 225|0x0000000090100000, 0x0000000090100000, 0x0000000090200000|  0%| F|  |TAMS 0x0000000090100000, 0x0000000090100000| Untracked 
| 226|0x0000000090200000, 0x0000000090200000, 0x0000000090300000|  0%| F|  |TAMS 0x0000000090200000, 0x0000000090200000| Untracked 
| 227|0x0000000090300000, 0x0000000090300000, 0x0000000090400000|  0%| F|  |TAMS 0x0000000090300000, 0x0000000090300000| Untracked 
| 228|0x0000000090400000, 0x0000000090400000, 0x0000000090500000|  0%| F|  |TAMS 0x0000000090400000, 0x0000000090400000| Untracked 
| 229|0x0000000090500000, 0x0000000090500000, 0x0000000090600000|  0%| F|  |TAMS 0x0000000090500000, 0x0000000090500000| Untracked 
| 230|0x0000000090600000, 0x0000000090600000, 0x0000000090700000|  0%| F|  |TAMS 0x0000000090600000, 0x0000000090600000| Untracked 
| 231|0x0000000090700000, 0x0000000090700000, 0x0000000090800000|  0%| F|  |TAMS 0x0000000090700000, 0x0000000090700000| Untracked 
| 232|0x0000000090800000, 0x0000000090800000, 0x0000000090900000|  0%| F|  |TAMS 0x0000000090800000, 0x0000000090800000| Untracked 
| 233|0x0000000090900000, 0x0000000090900000, 0x0000000090a00000|  0%| F|  |TAMS 0x0000000090900000, 0x0000000090900000| Untracked 
| 234|0x0000000090a00000, 0x0000000090a00000, 0x0000000090b00000|  0%| F|  |TAMS 0x0000000090a00000, 0x0000000090a00000| Untracked 
| 235|0x0000000090b00000, 0x0000000090b00000, 0x0000000090c00000|  0%| F|  |TAMS 0x0000000090b00000, 0x0000000090b00000| Untracked 
| 236|0x0000000090c00000, 0x0000000090c00000, 0x0000000090d00000|  0%| F|  |TAMS 0x0000000090c00000, 0x0000000090c00000| Untracked 
| 237|0x0000000090d00000, 0x0000000090d00000, 0x0000000090e00000|  0%| F|  |TAMS 0x0000000090d00000, 0x0000000090d00000| Untracked 
| 238|0x0000000090e00000, 0x0000000090e00000, 0x0000000090f00000|  0%| F|  |TAMS 0x0000000090e00000, 0x0000000090e00000| Untracked 
| 239|0x0000000090f00000, 0x0000000090f00000, 0x0000000091000000|  0%| F|  |TAMS 0x0000000090f00000, 0x0000000090f00000| Untracked 
| 240|0x0000000091000000, 0x0000000091000000, 0x0000000091100000|  0%| F|  |TAMS 0x0000000091000000, 0x0000000091000000| Untracked 
| 241|0x0000000091100000, 0x0000000091100000, 0x0000000091200000|  0%| F|  |TAMS 0x0000000091100000, 0x0000000091100000| Untracked 
| 242|0x0000000091200000, 0x0000000091200000, 0x0000000091300000|  0%| F|  |TAMS 0x0000000091200000, 0x0000000091200000| Untracked 
| 243|0x0000000091300000, 0x0000000091300000, 0x0000000091400000|  0%| F|  |TAMS 0x0000000091300000, 0x0000000091300000| Untracked 
| 244|0x0000000091400000, 0x0000000091400000, 0x0000000091500000|  0%| F|  |TAMS 0x0000000091400000, 0x0000000091400000| Untracked 
| 245|0x0000000091500000, 0x0000000091500000, 0x0000000091600000|  0%| F|  |TAMS 0x0000000091500000, 0x0000000091500000| Untracked 
| 246|0x0000000091600000, 0x0000000091600000, 0x0000000091700000|  0%| F|  |TAMS 0x0000000091600000, 0x0000000091600000| Untracked 
| 247|0x0000000091700000, 0x0000000091700000, 0x0000000091800000|  0%| F|  |TAMS 0x0000000091700000, 0x0000000091700000| Untracked 
| 248|0x0000000091800000, 0x0000000091800000, 0x0000000091900000|  0%| F|  |TAMS 0x0000000091800000, 0x0000000091800000| Untracked 
| 249|0x0000000091900000, 0x0000000091900000, 0x0000000091a00000|  0%| F|  |TAMS 0x0000000091900000, 0x0000000091900000| Untracked 
| 250|0x0000000091a00000, 0x0000000091a00000, 0x0000000091b00000|  0%| F|  |TAMS 0x0000000091a00000, 0x0000000091a00000| Untracked 
| 251|0x0000000091b00000, 0x0000000091b00000, 0x0000000091c00000|  0%| F|  |TAMS 0x0000000091b00000, 0x0000000091b00000| Untracked 
| 252|0x0000000091c00000, 0x0000000091c00000, 0x0000000091d00000|  0%| F|  |TAMS 0x0000000091c00000, 0x0000000091c00000| Untracked 
| 253|0x0000000091d00000, 0x0000000091d00000, 0x0000000091e00000|  0%| F|  |TAMS 0x0000000091d00000, 0x0000000091d00000| Untracked 
| 254|0x0000000091e00000, 0x0000000091e00000, 0x0000000091f00000|  0%| F|  |TAMS 0x0000000091e00000, 0x0000000091e00000| Untracked 
| 255|0x0000000091f00000, 0x0000000091f00000, 0x0000000092000000|  0%| F|  |TAMS 0x0000000091f00000, 0x0000000091f00000| Untracked 
| 256|0x0000000092000000, 0x0000000092000000, 0x0000000092100000|  0%| F|  |TAMS 0x0000000092000000, 0x0000000092000000| Untracked 
| 257|0x0000000092100000, 0x0000000092100000, 0x0000000092200000|  0%| F|  |TAMS 0x0000000092100000, 0x0000000092100000| Untracked 
| 258|0x0000000092200000, 0x0000000092200000, 0x0000000092300000|  0%| F|  |TAMS 0x0000000092200000, 0x0000000092200000| Untracked 
| 259|0x0000000092300000, 0x0000000092300000, 0x0000000092400000|  0%| F|  |TAMS 0x0000000092300000, 0x0000000092300000| Untracked 
| 260|0x0000000092400000, 0x0000000092400000, 0x0000000092500000|  0%| F|  |TAMS 0x0000000092400000, 0x0000000092400000| Untracked 
| 261|0x0000000092500000, 0x0000000092500000, 0x0000000092600000|  0%| F|  |TAMS 0x0000000092500000, 0x0000000092500000| Untracked 
| 262|0x0000000092600000, 0x0000000092600000, 0x0000000092700000|  0%| F|  |TAMS 0x0000000092600000, 0x0000000092600000| Untracked 
| 263|0x0000000092700000, 0x0000000092700000, 0x0000000092800000|  0%| F|  |TAMS 0x0000000092700000, 0x0000000092700000| Untracked 
| 264|0x0000000092800000, 0x0000000092800000, 0x0000000092900000|  0%| F|  |TAMS 0x0000000092800000, 0x0000000092800000| Untracked 
| 265|0x0000000092900000, 0x0000000092900000, 0x0000000092a00000|  0%| F|  |TAMS 0x0000000092900000, 0x0000000092900000| Untracked 
| 266|0x0000000092a00000, 0x0000000092a00000, 0x0000000092b00000|  0%| F|  |TAMS 0x0000000092a00000, 0x0000000092a00000| Untracked 
| 267|0x0000000092b00000, 0x0000000092b00000, 0x0000000092c00000|  0%| F|  |TAMS 0x0000000092b00000, 0x0000000092b00000| Untracked 
| 268|0x0000000092c00000, 0x0000000092c00000, 0x0000000092d00000|  0%| F|  |TAMS 0x0000000092c00000, 0x0000000092c00000| Untracked 
| 269|0x0000000092d00000, 0x0000000092d00000, 0x0000000092e00000|  0%| F|  |TAMS 0x0000000092d00000, 0x0000000092d00000| Untracked 
| 270|0x0000000092e00000, 0x0000000092f00000, 0x0000000092f00000|100%| O|  |TAMS 0x0000000092e00000, 0x0000000092e00000| Untracked 
| 271|0x0000000092f00000, 0x0000000092f54600, 0x0000000093000000| 32%| O|  |TAMS 0x0000000092f00000, 0x0000000092f00000| Untracked 
| 272|0x0000000093000000, 0x0000000093100000, 0x0000000093100000|100%| S|CS|TAMS 0x0000000093000000, 0x0000000093000000| Complete 
| 273|0x0000000093100000, 0x0000000093200000, 0x0000000093200000|100%| S|CS|TAMS 0x0000000093100000, 0x0000000093100000| Complete 
| 274|0x0000000093200000, 0x0000000093300000, 0x0000000093300000|100%| S|CS|TAMS 0x0000000093200000, 0x0000000093200000| Complete 
| 275|0x0000000093300000, 0x0000000093380000, 0x0000000093400000| 50%| S|CS|TAMS 0x0000000093300000, 0x0000000093300000| Complete 

Card table byte_map: [0x0000015fd76b0000,0x0000015fd7aa0000] _byte_map_base: 0x0000015fd72a0000

Marking Bits (Prev, Next): (CMBitMap*) 0x0000015fc59ab770, (CMBitMap*) 0x0000015fc59ab738
 Prev Bits: [0x0000015fd9e10000, 0x0000015fdbd90000)
 Next Bits: [0x0000015fd7e90000, 0x0000015fd9e10000)

Polling page: 0x0000015fc38c0000

Metaspace:

Usage:
  Non-class:     20.51 MB capacity,    20.07 MB ( 98%) used,   382.09 KB (  2%) free+waste,    69.19 KB ( <1%) overhead. 
      Class:      2.54 MB capacity,     2.31 MB ( 91%) used,   203.57 KB (  8%) free+waste,    31.06 KB (  1%) overhead. 
       Both:     23.05 MB capacity,    22.38 MB ( 97%) used,   585.66 KB (  2%) free+waste,   100.25 KB ( <1%) overhead. 

Virtual space:
  Non-class space:       22.00 MB reserved,      20.75 MB ( 94%) committed 
      Class space:        1.00 GB reserved,       2.63 MB ( <1%) committed 
             Both:        1.02 GB reserved,      23.38 MB (  2%) committed 

Chunk freelists:
   Non-Class:  50.00 KB
       Class:  0 bytes
        Both:  50.00 KB

MaxMetaspaceSize: 17179869184.00 GB
CompressedClassSpaceSize: 1.00 GB
Initial GC threshold: 20.80 MB
Current GC threshold: 35.00 MB
CDS: off

CodeHeap 'non-profiled nmethods': size=120064Kb used=2706Kb max_used=2706Kb free=117357Kb
 bounds [0x0000015fcfd80000, 0x0000015fd0030000, 0x0000015fd72c0000]
CodeHeap 'profiled nmethods': size=120000Kb used=7439Kb max_used=7439Kb free=112560Kb
 bounds [0x0000015fc8850000, 0x0000015fc8fa0000, 0x0000015fcfd80000]
CodeHeap 'non-nmethods': size=5696Kb used=1214Kb max_used=1269Kb free=4481Kb
 bounds [0x0000015fc82c0000, 0x0000015fc8530000, 0x0000015fc8850000]
 total_blobs=3874 nmethods=3395 adapters=391
 compilation: enabled
              stopped_count=0, restarted_count=0
 full_count=0

Compilation events (20 events):
Event: 11.151 Thread 0x0000015fdebcf800 3441       3       java.util.regex.Pattern$BmpCharProperty::match (55 bytes)
Event: 11.151 Thread 0x0000015fdebcf800 nmethod 3441 0x0000015fc8f8e390 code [0x0000015fc8f8e580, 0x0000015fc8f8e9e8]
Event: 11.153 Thread 0x0000015fdebcf800 3442       3       org.languagetool.tagging.TaggedWord::hashCode (22 bytes)
Event: 11.153 Thread 0x0000015fdebcf800 nmethod 3442 0x0000015fc8f8eb90 code [0x0000015fc8f8ed80, 0x0000015fc8f8f288]
Event: 11.153 Thread 0x0000015fdebcf800 3443       3       org.apache.commons.lang3.StringUtils::substringBefore (43 bytes)
Event: 11.155 Thread 0x0000015fdebcf800 nmethod 3443 0x0000015fc8f8f410 code [0x0000015fc8f8f620, 0x0000015fc8f8fb58]
Event: 11.158 Thread 0x0000015fdebcf800 3444       3       java.lang.String::indexOf (65 bytes)
Event: 11.160 Thread 0x0000015fdebcf800 nmethod 3444 0x0000015fc8f8fd90 code [0x0000015fc8f90000, 0x0000015fc8f90988]
Event: 11.160 Thread 0x0000015fdfdf9000 3445       4       java.util.regex.Pattern$BmpCharPredicate$$Lambda$4/0x0000000100065440::is (13 bytes)
Event: 11.162 Thread 0x0000015fdfdf9000 nmethod 3445 0x0000015fd0024690 code [0x0000015fd0024840, 0x0000015fd0024958]
Event: 11.164 Thread 0x0000015fdebcf800 3446       3       gnu.trove.THash::computeMaxSize (38 bytes)
Event: 11.166 Thread 0x0000015fdebcf800 nmethod 3446 0x0000015fc8f90d10 code [0x0000015fc8f90ee0, 0x0000015fc8f91198]
Event: 11.167 Thread 0x0000015fdebcf800 3447       3       java.io.Reader::<init> (27 bytes)
Event: 11.168 Thread 0x0000015fdebcf800 nmethod 3447 0x0000015fc8f91290 code [0x0000015fc8f91460, 0x0000015fc8f91748]
Event: 11.168 Thread 0x0000015fdebcf800 3448       3       java.util.Scanner::hasNextLine (85 bytes)
Event: 11.168 Thread 0x0000015fdebcd800 3449       4       java.util.Scanner::match (26 bytes)
Event: 11.168 Thread 0x0000015fdfdf9000 3450       4       java.util.regex.Matcher::toMatchResult (14 bytes)
Event: 11.170 Thread 0x0000015fdebcf800 nmethod 3448 0x0000015fc8f91890 code [0x0000015fc8f91bc0, 0x0000015fc8f92d38]
Event: 11.170 Thread 0x0000015fdebcf800 3452       3       java.util.regex.Pattern$Branch::match (66 bytes)
Event: 11.170 Thread 0x0000015fdebcf800 nmethod 3452 0x0000015fc8f93410 code [0x0000015fc8f93600, 0x0000015fc8f93a98]

GC Heap History (20 events):
Event: 5.788 GC heap after
{Heap after GC invocations=9 (full 0):
 garbage-first heap   total 155648K, used 37773K [0x0000000082000000, 0x0000000100000000)
  region size 1024K, 8 young (8192K), 8 survivors (8192K)
 Metaspace       used 21076K, capacity 21373K, committed 21504K, reserved 1069056K
  class space    used 2126K, capacity 2282K, committed 2304K, reserved 1048576K
}
Event: 6.316 GC heap before
{Heap before GC invocations=9 (full 0):
 garbage-first heap   total 155648K, used 96141K [0x0000000082000000, 0x0000000100000000)
  region size 1024K, 65 young (66560K), 8 survivors (8192K)
 Metaspace       used 21433K, capacity 21730K, committed 21760K, reserved 1069056K
  class space    used 2163K, capacity 2294K, committed 2304K, reserved 1048576K
}
Event: 6.341 GC heap after
{Heap after GC invocations=10 (full 0):
 garbage-first heap   total 155648K, used 43891K [0x0000000082000000, 0x0000000100000000)
  region size 1024K, 6 young (6144K), 6 survivors (6144K)
 Metaspace       used 21433K, capacity 21730K, committed 21760K, reserved 1069056K
  class space    used 2163K, capacity 2294K, committed 2304K, reserved 1048576K
}
Event: 6.461 GC heap before
{Heap before GC invocations=10 (full 0):
 garbage-first heap   total 155648K, used 103283K [0x0000000082000000, 0x0000000100000000)
  region size 1024K, 64 young (65536K), 6 survivors (6144K)
 Metaspace       used 21443K, capacity 21730K, committed 21760K, reserved 1069056K
  class space    used 2163K, capacity 2294K, committed 2304K, reserved 1048576K
}
Event: 6.484 GC heap after
{Heap after GC invocations=11 (full 0):
 garbage-first heap   total 204800K, used 47104K [0x0000000082000000, 0x0000000100000000)
  region size 1024K, 3 young (3072K), 3 survivors (3072K)
 Metaspace       used 21443K, capacity 21730K, committed 21760K, reserved 1069056K
  class space    used 2163K, capacity 2294K, committed 2304K, reserved 1048576K
}
Event: 6.767 GC heap before
{Heap before GC invocations=11 (full 0):
 garbage-first heap   total 204800K, used 122880K [0x0000000082000000, 0x0000000100000000)
  region size 1024K, 76 young (77824K), 3 survivors (3072K)
 Metaspace       used 21545K, capacity 21899K, committed 22144K, reserved 1069056K
  class space    used 2175K, capacity 2329K, committed 2432K, reserved 1048576K
}
Event: 6.783 GC heap after
{Heap after GC invocations=12 (full 0):
 garbage-first heap   total 204800K, used 53248K [0x0000000082000000, 0x0000000100000000)
  region size 1024K, 8 young (8192K), 8 survivors (8192K)
 Metaspace       used 21545K, capacity 21899K, committed 22144K, reserved 1069056K
  class space    used 2175K, capacity 2329K, committed 2432K, reserved 1048576K
}
Event: 6.882 GC heap before
{Heap before GC invocations=12 (full 0):
 garbage-first heap   total 204800K, used 135168K [0x0000000082000000, 0x0000000100000000)
  region size 1024K, 88 young (90112K), 8 survivors (8192K)
 Metaspace       used 21566K, capacity 21899K, committed 22144K, reserved 1069056K
  class space    used 2175K, capacity 2329K, committed 2432K, reserved 1048576K
}
Event: 6.909 GC heap after
{Heap after GC invocations=13 (full 0):
 garbage-first heap   total 204800K, used 58085K [0x0000000082000000, 0x0000000100000000)
  region size 1024K, 10 young (10240K), 10 survivors (10240K)
 Metaspace       used 21566K, capacity 21899K, committed 22144K, reserved 1069056K
  class space    used 2175K, capacity 2329K, committed 2432K, reserved 1048576K
}
Event: 7.012 GC heap before
{Heap before GC invocations=13 (full 0):
 garbage-first heap   total 204800K, used 146149K [0x0000000082000000, 0x0000000100000000)
  region size 1024K, 94 young (96256K), 10 survivors (10240K)
 Metaspace       used 21569K, capacity 21899K, committed 22144K, reserved 1069056K
  class space    used 2175K, capacity 2329K, committed 2432K, reserved 1048576K
}
Event: 7.039 GC heap after
{Heap after GC invocations=14 (full 0):
 garbage-first heap   total 204800K, used 64597K [0x0000000082000000, 0x0000000100000000)
  region size 1024K, 9 young (9216K), 9 survivors (9216K)
 Metaspace       used 21569K, capacity 21899K, committed 22144K, reserved 1069056K
  class space    used 2175K, capacity 2329K, committed 2432K, reserved 1048576K
}
Event: 7.256 GC heap before
{Heap before GC invocations=14 (full 0):
 garbage-first heap   total 204800K, used 153685K [0x0000000082000000, 0x0000000100000000)
  region size 1024K, 96 young (98304K), 9 survivors (9216K)
 Metaspace       used 21583K, capacity 21963K, committed 22144K, reserved 1069056K
  class space    used 2175K, capacity 2329K, committed 2432K, reserved 1048576K
}
Event: 7.290 GC heap after
{Heap after GC invocations=15 (full 0):
 garbage-first heap   total 276480K, used 70723K [0x0000000082000000, 0x0000000100000000)
  region size 1024K, 11 young (11264K), 11 survivors (11264K)
 Metaspace       used 21583K, capacity 21963K, committed 22144K, reserved 1069056K
  class space    used 2175K, capacity 2329K, committed 2432K, reserved 1048576K
}
Event: 7.561 GC heap before
{Heap before GC invocations=15 (full 0):
 garbage-first heap   total 276480K, used 193603K [0x0000000082000000, 0x0000000100000000)
  region size 1024K, 131 young (134144K), 11 survivors (11264K)
 Metaspace       used 21588K, capacity 21963K, committed 22144K, reserved 1069056K
  class space    used 2175K, capacity 2329K, committed 2432K, reserved 1048576K
}
Event: 7.596 GC heap after
{Heap after GC invocations=16 (full 0):
 garbage-first heap   total 276480K, used 76075K [0x0000000082000000, 0x0000000100000000)
  region size 1024K, 12 young (12288K), 12 survivors (12288K)
 Metaspace       used 21588K, capacity 21963K, committed 22144K, reserved 1069056K
  class space    used 2175K, capacity 2329K, committed 2432K, reserved 1048576K
}
Event: 8.356 GC heap before
{Heap before GC invocations=16 (full 0):
 garbage-first heap   total 276480K, used 217387K [0x0000000082000000, 0x0000000100000000)
  region size 1024K, 148 young (151552K), 12 survivors (12288K)
 Metaspace       used 21648K, capacity 22030K, committed 22144K, reserved 1069056K
  class space    used 2178K, capacity 2330K, committed 2432K, reserved 1048576K
}
Event: 8.403 GC heap after
{Heap after GC invocations=17 (full 0):
 garbage-first heap   total 276480K, used 88864K [0x0000000082000000, 0x0000000100000000)
  region size 1024K, 15 young (15360K), 15 survivors (15360K)
 Metaspace       used 21648K, capacity 22030K, committed 22144K, reserved 1069056K
  class space    used 2178K, capacity 2330K, committed 2432K, reserved 1048576K
}
Event: 9.972 GC heap before
{Heap before GC invocations=17 (full 0):
 garbage-first heap   total 276480K, used 237344K [0x0000000082000000, 0x0000000100000000)
  region size 1024K, 144 young (147456K), 15 survivors (15360K)
 Metaspace       used 22667K, capacity 23332K, committed 23680K, reserved 1071104K
  class space    used 2340K, capacity 2592K, committed 2688K, reserved 1048576K
}
Event: 10.031 GC heap after
{Heap after GC invocations=18 (full 0):
 garbage-first heap   total 276480K, used 105741K [0x0000000082000000, 0x0000000100000000)
  region size 1024K, 18 young (18432K), 18 survivors (18432K)
 Metaspace       used 22667K, capacity 23332K, committed 23680K, reserved 1071104K
  class space    used 2340K, capacity 2592K, committed 2688K, reserved 1048576K
}
Event: 11.181 GC heap before
{Heap before GC invocations=18 (full 0):
 garbage-first heap   total 276480K, used 254221K [0x0000000082000000, 0x0000000100000000)
  region size 1024K, 131 young (134144K), 18 survivors (18432K)
 Metaspace       used 22917K, capacity 23603K, committed 23936K, reserved 1071104K
  class space    used 2362K, capacity 2597K, committed 2688K, reserved 1048576K
}

Deoptimization events (20 events):
Event: 10.551 Thread 0x0000015fc596c000 Uncommon trap: trap_request=0xffffffc6 fr.pc=0x0000015fcfe4bca4 relative=0x0000000000000b84
Event: 10.551 Thread 0x0000015fc596c000 Uncommon trap: reason=bimorphic_or_optimized_type_check action=maybe_recompile pc=0x0000015fcfe4bca4 method=java.util.HashMap.computeIfAbsent(Ljava/lang/Object;Ljava/util/function/Function;)Ljava/lang/Object; @ 142 c2
Event: 10.551 Thread 0x0000015fc596c000 DEOPT PACKING pc=0x0000015fcfe4bca4 sp=0x00000009cd2fc680
Event: 10.551 Thread 0x0000015fc596c000 DEOPT UNPACKING pc=0x0000015fc830a1af sp=0x00000009cd2fc648 mode 2
Event: 10.551 Thread 0x0000015fc596c000 Uncommon trap: trap_request=0xffffffc6 fr.pc=0x0000015fcfe4bca4 relative=0x0000000000000b84
Event: 10.551 Thread 0x0000015fc596c000 Uncommon trap: reason=bimorphic_or_optimized_type_check action=maybe_recompile pc=0x0000015fcfe4bca4 method=java.util.HashMap.computeIfAbsent(Ljava/lang/Object;Ljava/util/function/Function;)Ljava/lang/Object; @ 142 c2
Event: 10.551 Thread 0x0000015fc596c000 DEOPT PACKING pc=0x0000015fcfe4bca4 sp=0x00000009cd2fc680
Event: 10.551 Thread 0x0000015fc596c000 DEOPT UNPACKING pc=0x0000015fc830a1af sp=0x00000009cd2fc648 mode 2
Event: 10.551 Thread 0x0000015fc596c000 Uncommon trap: trap_request=0xffffffc6 fr.pc=0x0000015fcfe4bca4 relative=0x0000000000000b84
Event: 10.551 Thread 0x0000015fc596c000 Uncommon trap: reason=bimorphic_or_optimized_type_check action=maybe_recompile pc=0x0000015fcfe4bca4 method=java.util.HashMap.computeIfAbsent(Ljava/lang/Object;Ljava/util/function/Function;)Ljava/lang/Object; @ 142 c2
Event: 10.551 Thread 0x0000015fc596c000 DEOPT PACKING pc=0x0000015fcfe4bca4 sp=0x00000009cd2fc680
Event: 10.551 Thread 0x0000015fc596c000 DEOPT UNPACKING pc=0x0000015fc830a1af sp=0x00000009cd2fc648 mode 2
Event: 10.551 Thread 0x0000015fc596c000 Uncommon trap: trap_request=0xffffffc6 fr.pc=0x0000015fcfe4bca4 relative=0x0000000000000b84
Event: 10.551 Thread 0x0000015fc596c000 Uncommon trap: reason=bimorphic_or_optimized_type_check action=maybe_recompile pc=0x0000015fcfe4bca4 method=java.util.HashMap.computeIfAbsent(Ljava/lang/Object;Ljava/util/function/Function;)Ljava/lang/Object; @ 142 c2
Event: 10.551 Thread 0x0000015fc596c000 DEOPT PACKING pc=0x0000015fcfe4bca4 sp=0x00000009cd2fc680
Event: 10.552 Thread 0x0000015fc596c000 DEOPT UNPACKING pc=0x0000015fc830a1af sp=0x00000009cd2fc648 mode 2
Event: 11.161 Thread 0x0000015fc596c000 Uncommon trap: trap_request=0xffffff4d fr.pc=0x0000015fd000c890 relative=0x0000000000001670
Event: 11.161 Thread 0x0000015fc596c000 Uncommon trap: reason=unstable_if action=reinterpret pc=0x0000015fd000c890 method=java.util.regex.Matcher$ImmutableMatchResult.group(I)Ljava/lang/String; @ 52 c2
Event: 11.161 Thread 0x0000015fc596c000 DEOPT PACKING pc=0x0000015fd000c890 sp=0x00000009cd2fc6a0
Event: 11.161 Thread 0x0000015fc596c000 DEOPT UNPACKING pc=0x0000015fc830a1af sp=0x00000009cd2fc628 mode 2

Classes redefined (0 events):
No events

Internal exceptions (20 events):
Event: 0.734 Thread 0x0000015fc596c000 Exception <a 'java/lang/NullPointerException'{0x000000008968f118}> (0x000000008968f118) thrown at [./src/hotspot/share/interpreter/linkResolver.cpp, line 1358]
Event: 0.734 Thread 0x0000015fc596c000 Exception <a 'java/lang/NullPointerException'{0x000000008968f3e8}> (0x000000008968f3e8) thrown at [./src/hotspot/share/interpreter/linkResolver.cpp, line 1358]
Event: 0.736 Thread 0x0000015fc596c000 Exception <a 'java/lang/NullPointerException'{0x000000008969a1d0}> (0x000000008969a1d0) thrown at [./src/hotspot/share/interpreter/linkResolver.cpp, line 1358]
Event: 0.738 Thread 0x0000015fc596c000 Exception <a 'java/lang/NullPointerException'{0x00000000896b5828}> (0x00000000896b5828) thrown at [./src/hotspot/share/interpreter/linkResolver.cpp, line 1358]
Event: 0.738 Thread 0x0000015fc596c000 Exception <a 'java/lang/NullPointerException'{0x00000000896b5af8}> (0x00000000896b5af8) thrown at [./src/hotspot/share/interpreter/linkResolver.cpp, line 1358]
Event: 0.738 Thread 0x0000015fc596c000 Exception <a 'java/lang/NullPointerException'{0x00000000896b5dc8}> (0x00000000896b5dc8) thrown at [./src/hotspot/share/interpreter/linkResolver.cpp, line 1358]
Event: 0.738 Thread 0x0000015fc596c000 Exception <a 'java/lang/NullPointerException'{0x00000000896b6098}> (0x00000000896b6098) thrown at [./src/hotspot/share/interpreter/linkResolver.cpp, line 1358]
Event: 1.456 Thread 0x0000015fc596c000 Exception <a 'java/lang/NoClassDefFoundError'{0x0000000089643508}: org/slf4j/impl/StaticLoggerBinder> (0x0000000089643508) thrown at [./src/hotspot/share/classfile/systemDictionary.cpp, line 220]
Event: 1.544 Thread 0x0000015fc596c000 Exception <a 'java/lang/NoClassDefFoundError'{0x00000000893f1588}: org/apache/log4j/Priority> (0x00000000893f1588) thrown at [./src/hotspot/share/classfile/systemDictionary.cpp, line 220]
Event: 1.609 Thread 0x0000015fc596c000 Exception <a 'java/lang/NoSuchMethodError'{0x000000008929b1e8}: 'java.lang.Object java.lang.invoke.DirectMethodHandle$Holder.invokeStatic(java.lang.Object, java.lang.Object, java.lang.Object, java.lang.Object, java.lang.Object, java.lang.Object, java.lang.Object, java.lang.Object, java.lang.Object, java.lang.Object, java.lang.Object, java.lang.Object, java.lang.Object, java.lang.Object, java.lang.Object)'> (0x000000008929b1e8) thrown at [./src/hotspot/share/interpreter/linkResolver.cpp, line 773]
Event: 1.612 Thread 0x0000015fc596c000 Exception <a 'java/lang/NoSuchMethodError'{0x00000000892a8f80}: 'java.lang.Object java.lang.invoke.DirectMethodHandle$Holder.invokeStatic(java.lang.Object, java.lang.Object, java.lang.Object, java.lang.Object, java.lang.Object, java.lang.Object, java.lang.Object, java.lang.Object, java.lang.Object, java.lang.Object, java.lang.Object, java.lang.Object, java.lang.Object, java.lang.Object, java.lang.Object, java.lang.Object)'> (0x00000000892a8f80) thrown at [./src/hotspot/share/interpreter/linkResolver.cpp, l
Event: 1.614 Thread 0x0000015fc596c000 Exception <a 'java/lang/NoSuchMethodError'{0x00000000892b6bf0}: 'java.lang.Object java.lang.invoke.DirectMethodHandle$Holder.invokeSpecial(java.lang.Object, java.lang.Object, int, int, java.lang.Object, java.lang.Object, java.lang.Object)'> (0x00000000892b6bf0) thrown at [./src/hotspot/share/interpreter/linkResolver.cpp, line 773]
Event: 1.618 Thread 0x0000015fc596c000 Exception <a 'java/lang/NoSuchMethodError'{0x00000000892ba180}: 'java.lang.Object java.lang.invoke.DelegatingMethodHandle$Holder.reinvoke_L(java.lang.Object, int, int, java.lang.Object, java.lang.Object, java.lang.Object)'> (0x00000000892ba180) thrown at [./src/hotspot/share/interpreter/linkResolver.cpp, line 773]
Event: 1.624 Thread 0x0000015fc596c000 Exception <a 'java/lang/NoSuchMethodError'{0x00000000892be508}: 'java.lang.Object java.lang.invoke.DirectMethodHandle$Holder.invokeStatic(java.lang.Object, java.lang.Object, java.lang.Object, java.lang.Object, int)'> (0x00000000892be508) thrown at [./src/hotspot/share/interpreter/linkResolver.cpp, line 773]
Event: 1.814 Thread 0x0000015fc596c000 Exception <a 'java/lang/ClassNotFoundException'{0x00000000891ed628}: com/sun/org/apache/xerces/internal/impl/xpath/regex/spi/messageProvider> (0x00000000891ed628) thrown at [./src/hotspot/share/classfile/systemDictionary.cpp, line 231]
Event: 2.763 Thread 0x0000015fc596c000 Exception <a 'java/lang/NoSuchMethodError'{0x000000008926d730}: 'int java.lang.invoke.DirectMethodHandle$Holder.invokeVirtual(java.lang.Object, java.lang.Object, java.lang.Object)'> (0x000000008926d730) thrown at [./src/hotspot/share/interpreter/linkResolver.cpp, line 773]
Event: 2.768 Thread 0x0000015fc596c000 Exception <a 'java/lang/NoSuchMethodError'{0x0000000089273698}: 'java.lang.Object java.lang.invoke.DirectMethodHandle$Holder.invokeVirtual(java.lang.Object, java.lang.Object, java.lang.Object)'> (0x0000000089273698) thrown at [./src/hotspot/share/interpreter/linkResolver.cpp, line 773]
Event: 9.604 Thread 0x0000015fc596c000 Exception <a 'java/lang/NoSuchMethodError'{0x000000008bc662d0}: 'java.lang.Object java.lang.invoke.DirectMethodHandle$Holder.invokeStaticInit(java.lang.Object, java.lang.Object, java.lang.Object)'> (0x000000008bc662d0) thrown at [./src/hotspot/share/interpreter/linkResolver.cpp, line 773]
Event: 9.607 Thread 0x0000015fc596c000 Exception <a 'java/lang/NoSuchMethodError'{0x000000008bc7b070}: 'java.lang.Object java.lang.invoke.DirectMethodHandle$Holder.invokeStaticInit(java.lang.Object, java.lang.Object, java.lang.Object, java.lang.Object)'> (0x000000008bc7b070) thrown at [./src/hotspot/share/interpreter/linkResolver.cpp, line 773]
Event: 10.347 Thread 0x0000015fc596c000 Implicit null exception at 0x0000015fcff80dec to 0x0000015fcff80e94

Events (20 events):
Event: 10.551 loading class org/languagetool/tagging/TaggedWord done
Event: 10.949 loading class gnu/trove/TIntObjectHashMap
Event: 10.949 loading class gnu/trove/TIntObjectHashMap done
Event: 10.953 loading class gnu/trove/TIntHashingStrategy
Event: 10.953 loading class gnu/trove/TIntHashingStrategy done
Event: 10.960 loading class gnu/trove/HashFunctions
Event: 10.960 loading class gnu/trove/HashFunctions done
Event: 11.047 loading class gnu/trove/TIntIntHashMap
Event: 11.047 loading class gnu/trove/TIntIntHashMap done
Event: 11.048 loading class gnu/trove/TIntHash
Event: 11.048 loading class gnu/trove/TIntHash done
Event: 11.049 loading class gnu/trove/TPrimitiveHash
Event: 11.049 loading class gnu/trove/TPrimitiveHash done
Event: 11.050 Executing VM operation: Deoptimize
Event: 11.050 Executing VM operation: Deoptimize done
Event: 11.052 loading class gnu/trove/TIntIntProcedure
Event: 11.052 loading class gnu/trove/TIntIntProcedure done
Event: 11.066 loading class org/languagetool/synthesis/ManualSynthesizer$1
Event: 11.066 loading class org/languagetool/synthesis/ManualSynthesizer$1 done
Event: 11.181 Executing VM operation: G1CollectForAllocation


Dynamic libraries:
0x00007ff668510000 - 0x00007ff66851d000 	C:\Users\K\AppData\Local\nvim-data\mason\packages\ltex-ls\ltex-ls-16.0.0\jdk-11.0.12+7\bin\java.exe
0x00007ffebad70000 - 0x00007ffebaf68000 	C:\WINDOWS\SYSTEM32\ntdll.dll
0x00007ffeb8dd0000 - 0x00007ffeb8e8d000 	C:\WINDOWS\System32\KERNEL32.DLL
0x00007ffeb8820000 - 0x00007ffeb8b16000 	C:\WINDOWS\System32\KERNELBASE.dll
0x00007ffeb8430000 - 0x00007ffeb8530000 	C:\WINDOWS\System32\ucrtbase.dll
0x00007ffea9920000 - 0x00007ffea9935000 	C:\Users\K\AppData\Local\nvim-data\mason\packages\ltex-ls\ltex-ls-16.0.0\jdk-11.0.12+7\bin\VCRUNTIME140.dll
0x00007ffea9860000 - 0x00007ffea9877000 	C:\Users\K\AppData\Local\nvim-data\mason\packages\ltex-ls\ltex-ls-16.0.0\jdk-11.0.12+7\bin\jli.dll
0x00007ffeb9db0000 - 0x00007ffeb9f4f000 	C:\WINDOWS\System32\USER32.dll
0x00007ffea7400000 - 0x00007ffea769a000 	C:\WINDOWS\WinSxS\amd64_microsoft.windows.common-controls_6595b64144ccf1df_6.0.19041.4355_none_60b8b9eb71f62e16\COMCTL32.dll
0x00007ffeba980000 - 0x00007ffebaa1e000 	C:\WINDOWS\System32\msvcrt.dll
0x00007ffeb87f0000 - 0x00007ffeb8812000 	C:\WINDOWS\System32\win32u.dll
0x00007ffeb97c0000 - 0x00007ffeb97eb000 	C:\WINDOWS\System32\GDI32.dll
0x00007ffeb8b90000 - 0x00007ffeb8ca7000 	C:\WINDOWS\System32\gdi32full.dll
0x00007ffeb8530000 - 0x00007ffeb85cd000 	C:\WINDOWS\System32\msvcp_win.dll
0x00007ffeb9f50000 - 0x00007ffeb9f7f000 	C:\WINDOWS\System32\IMM32.DLL
0x00007ffe8d1a0000 - 0x00007ffe8d23b000 	C:\Users\K\AppData\Local\nvim-data\mason\packages\ltex-ls\ltex-ls-16.0.0\jdk-11.0.12+7\bin\msvcp140.dll
0x00007ffe6f4d0000 - 0x00007ffe70029000 	C:\Users\K\AppData\Local\nvim-data\mason\packages\ltex-ls\ltex-ls-16.0.0\jdk-11.0.12+7\bin\server\jvm.dll
0x00007ffeba090000 - 0x00007ffeba140000 	C:\WINDOWS\System32\ADVAPI32.dll
0x00007ffeb9f80000 - 0x00007ffeba020000 	C:\WINDOWS\System32\sechost.dll
0x00007ffebac00000 - 0x00007ffebad23000 	C:\WINDOWS\System32\RPCRT4.dll
0x00007ffeb8660000 - 0x00007ffeb8687000 	C:\WINDOWS\System32\bcrypt.dll
0x00007ffeb97b0000 - 0x00007ffeb97b8000 	C:\WINDOWS\System32\PSAPI.DLL
0x00007ffea3400000 - 0x00007ffea3427000 	C:\WINDOWS\SYSTEM32\WINMM.dll
0x00007ffeab3e0000 - 0x00007ffeab3ea000 	C:\WINDOWS\SYSTEM32\VERSION.dll
0x00007ffeb4ff0000 - 0x00007ffeb4ff9000 	C:\WINDOWS\SYSTEM32\WSOCK32.dll
0x00007ffeb9c60000 - 0x00007ffeb9ccb000 	C:\WINDOWS\System32\WS2_32.dll
0x00007ffeb62b0000 - 0x00007ffeb62c2000 	C:\WINDOWS\SYSTEM32\kernel.appcore.dll
0x00007ffea9850000 - 0x00007ffea9860000 	C:\Users\K\AppData\Local\nvim-data\mason\packages\ltex-ls\ltex-ls-16.0.0\jdk-11.0.12+7\bin\verify.dll
0x00007ffeafa20000 - 0x00007ffeafc04000 	C:\WINDOWS\SYSTEM32\DBGHELP.DLL
0x00007ffe9ebd0000 - 0x00007ffe9ec04000 	C:\WINDOWS\SYSTEM32\dbgcore.DLL
0x00007ffeb85d0000 - 0x00007ffeb8652000 	C:\WINDOWS\System32\bcryptPrimitives.dll
0x00007ffea8390000 - 0x00007ffea83b8000 	C:\Users\K\AppData\Local\nvim-data\mason\packages\ltex-ls\ltex-ls-16.0.0\jdk-11.0.12+7\bin\java.dll
0x00007ffea8a70000 - 0x00007ffea8a7a000 	C:\Users\K\AppData\Local\nvim-data\mason\packages\ltex-ls\ltex-ls-16.0.0\jdk-11.0.12+7\bin\jimage.dll
0x00007ffea86d0000 - 0x00007ffea86e7000 	C:\Users\K\AppData\Local\nvim-data\mason\packages\ltex-ls\ltex-ls-16.0.0\jdk-11.0.12+7\bin\zip.dll
0x00007ffeba140000 - 0x00007ffeba8ac000 	C:\WINDOWS\System32\SHELL32.dll
0x00007ffeb64b0000 - 0x00007ffeb6c4d000 	C:\WINDOWS\SYSTEM32\windows.storage.dll
0x00007ffeb9360000 - 0x00007ffeb96b3000 	C:\WINDOWS\System32\combase.dll
0x00007ffeb7e50000 - 0x00007ffeb7e7e000 	C:\WINDOWS\SYSTEM32\Wldp.dll
0x00007ffeba8b0000 - 0x00007ffeba97d000 	C:\WINDOWS\System32\OLEAUT32.dll
0x00007ffeb9230000 - 0x00007ffeb92dd000 	C:\WINDOWS\System32\SHCORE.dll
0x00007ffeb91d0000 - 0x00007ffeb9225000 	C:\WINDOWS\System32\shlwapi.dll
0x00007ffeb8360000 - 0x00007ffeb8384000 	C:\WINDOWS\SYSTEM32\profapi.dll
0x00007ffea8370000 - 0x00007ffea8389000 	C:\Users\K\AppData\Local\nvim-data\mason\packages\ltex-ls\ltex-ls-16.0.0\jdk-11.0.12+7\bin\net.dll
0x00007ffeb04d0000 - 0x00007ffeb05da000 	C:\WINDOWS\SYSTEM32\WINHTTP.dll
0x00007ffeb7bb0000 - 0x00007ffeb7c1a000 	C:\WINDOWS\system32\mswsock.dll
0x00007ffea8350000 - 0x00007ffea8362000 	C:\Users\K\AppData\Local\nvim-data\mason\packages\ltex-ls\ltex-ls-16.0.0\jdk-11.0.12+7\bin\nio.dll
0x0000000069ac0000 - 0x0000000069ae4000 	C:\Users\K\AppData\Local\Temp\jansi-2.4.0-398eeaf0b0d626da-jansi.dll

dbghelp: loaded successfully - version: 4.0.5 - missing functions: none
symbol engine: initialized successfully - sym options: 0x614 - pdb path: .;C:\Users\K\AppData\Local\nvim-data\mason\packages\ltex-ls\ltex-ls-16.0.0\jdk-11.0.12+7\bin;C:\WINDOWS\SYSTEM32;C:\WINDOWS\WinSxS\amd64_microsoft.windows.common-controls_6595b64144ccf1df_6.0.19041.4355_none_60b8b9eb71f62e16;C:\Users\K\AppData\Local\nvim-data\mason\packages\ltex-ls\ltex-ls-16.0.0\jdk-11.0.12+7\bin\server;C:\Users\K\AppData\Local\Temp

VM Arguments:
jvm_args: -Dapp.name=ltex-ls -Dapp.repo=C:\Users\K\AppData\Local\nvim-data\mason\packages\ltex-ls\ltex-ls-16.0.0\lib -Dapp.home=C:\Users\K\AppData\Local\nvim-data\mason\packages\ltex-ls\ltex-ls-16.0.0 -Dbasedir=C:\Users\K\AppData\Local\nvim-data\mason\packages\ltex-ls\ltex-ls-16.0.0 
java_command: org.bsplines.ltexls.LtexLanguageServerLauncher
java_class_path (initial): C:\Users\K\AppData\Local\nvim-data\mason\packages\ltex-ls\ltex-ls-16.0.0\etc;C:\Users\K\AppData\Local\nvim-data\mason\packages\ltex-ls\ltex-ls-16.0.0\lib\aho-corasick-double-array-trie-1.2.2.jar;C:\Users\K\AppData\Local\nvim-data\mason\packages\ltex-ls\ltex-ls-16.0.0\lib\animal-sniffer-annotations-1.17.jar;C:\Users\K\AppData\Local\nvim-data\mason\packages\ltex-ls\ltex-ls-16.0.0\lib\annotations-12.0.jar;C:\Users\K\AppData\Local\nvim-data\mason\packages\ltex-ls\ltex-ls-16.0.0\lib\annotations-13.0.jar;C:\Users\K\AppData\Local\nvim-data\mason\packages\ltex-ls\ltex-ls-16.0.0\lib\annotations-20.1.0.jar;C:\Users\K\AppData\Local\nvim-data\mason\packages\ltex-ls\ltex-ls-16.0.0\lib\annotations-4.1.1.4.jar;C:\Users\K\AppData\Local\nvim-data\mason\packages\ltex-ls\ltex-ls-16.0.0\lib\catalan-pos-dict-2.21.jar;C:\Users\K\AppData\Local\nvim-data\mason\packages\ltex-ls\ltex-ls-16.0.0\lib\checker-qual-2.5.2.jar;C:\Users\K\AppData\Local\nvim-data\mason\packages\ltex-ls\ltex-ls-16.0.0\lib\checker-qual-3.5.0.jar;C:\Users\K\AppData\Local\nvim-data\mason\packages\ltex-ls\ltex-ls-16.0.0\lib\commons-beanutils-1.9.4.jar;C:\Users\K\AppData\Local\nvim-data\mason\packages\ltex-ls\ltex-ls-16.0.0\lib\commons-digester-2.1.jar;C:\Users\K\AppData\Local\nvim-data\mason\packages\ltex-ls\ltex-ls-16.0.0\lib\commons-lang3-3.12.0.jar;C:\Users\K\AppData\Local\nvim-data\mason\packages\ltex-ls\ltex-ls-16.0.0\lib\commons-logging-1.2.jar;C:\Users\K\AppData\Local\nvim-data\mason\packages\ltex-ls\ltex-ls-16.0.0\lib\commons-pool2-2.11.1.jar;C:\Users\K\AppData\Local\nvim-data\mason\packages\ltex-ls\ltex-ls-16.0.0\lib\commons-text-1.10.0.jar;C:\Users\K\AppData\Local\nvim-data\mason\packages\ltex-ls\ltex-ls-16.0.0\lib\commons-validator-1.7.jar;C:\Users\K\AppData\Local\nvim-data\mason\packages\ltex-ls\ltex-ls-16.0.0\lib\emoji-java-5.1.1.jar;C:\Users\K\AppData\Local\nvim-data\mason\packages\ltex-ls\ltex-ls-16.0.0\lib\error_prone_annotations-2.2.0.jar;C:\Users\K\AppData\Local\nvim-data\mas
Launcher Type: SUN_STANDARD

[Global flags]
     intx CICompilerCount                          = 3                                         {product} {ergonomic}
     uint ConcGCThreads                            = 1                                         {product} {ergonomic}
     uint G1ConcRefinementThreads                  = 4                                         {product} {ergonomic}
   size_t G1HeapRegionSize                         = 1048576                                   {product} {ergonomic}
    uintx GCDrainStackTargetSize                   = 64                                        {product} {ergonomic}
   size_t InitialHeapSize                          = 132120576                                 {product} {ergonomic}
   size_t MarkStackSize                            = 4194304                                   {product} {ergonomic}
   size_t MaxHeapSize                              = 2113929216                                {product} {ergonomic}
   size_t MaxNewSize                               = 1267728384                                {product} {ergonomic}
   size_t MinHeapDeltaBytes                        = 1048576                                   {product} {ergonomic}
    uintx NonNMethodCodeHeapSize                   = 5830732                                {pd product} {ergonomic}
    uintx NonProfiledCodeHeapSize                  = 122913754                              {pd product} {ergonomic}
    uintx ProfiledCodeHeapSize                     = 122913754                              {pd product} {ergonomic}
    uintx ReservedCodeCacheSize                    = 251658240                              {pd product} {ergonomic}
     bool SegmentedCodeCache                       = true                                      {product} {ergonomic}
     bool UseCompressedClassPointers               = true                                 {lp64_product} {ergonomic}
     bool UseCompressedOops                        = true                                 {lp64_product} {ergonomic}
     bool UseG1GC                                  = true                                      {product} {ergonomic}
     bool UseLargePagesIndividualAllocation        = false                                  {pd product} {ergonomic}

Logging:
Log output configuration:
 #0: stdout all=warning uptime,level,tags
 #1: stderr all=off uptime,level,tags

Environment Variables:
JAVA_HOME=C:\Users\K\AppData\Local\nvim-data\mason\packages\ltex-ls\ltex-ls-16.0.0\jdk-11.0.12+7
CLASSPATH="C:\Users\K\AppData\Local\nvim-data\mason\packages\ltex-ls\ltex-ls-16.0.0"\etc;"C:\Users\K\AppData\Local\nvim-data\mason\packages\ltex-ls\ltex-ls-16.0.0\lib"\*
PATH=C:\Users\K\AppData\Local\nvim-data\mason\bin;C:\Program Files (x86)\Common Files\Oracle\Java\java8path;C:\Program Files (x86)\Common Files\Oracle\Java\javapath;C:\WINDOWS\system32;C:\WINDOWS;C:\WINDOWS\System32\Wbem;C:\WINDOWS\System32\WindowsPowerShell\v1.0\;C:\WINDOWS\System32\OpenSSH\;C:\Program Files\NVIDIA Corporation\NVIDIA NvDLISR;C:\Program Files\dotnet\;C:\Program Files\WindowsPowerShell\Scripts;C:\ProgramData\chocolatey\bin;C:\Program Files\Git\cmd;C:\msys64\mingw64\bin;C:\Program Files\nodejs\;C:\Users\K\AppData\Local\Programs\Python\Python312\Scripts\;C:\Users\K\AppData\Local\Programs\Python\Python312\;C:\Users\K\scoop\shims;C:\Users\K\AppData\Local\Microsoft\WindowsApps;C:\Users\K\AppData\Local\GitHubDesktop\bin;C:\Users\K\AppData\Local\spicetify;C:\Users\K\AppData\Roaming\npm;C:\Users\K\AppData\Local\Programs\Microsoft VS Code\bin;C:\Users\K\AppData\Local\Pandoc\;C:\Users\K\AppData\Local\Microsoft\WinGet\Packages\Spicetify.Spicetify_Microsoft.Winget.Source_8wekyb3d8bbwe;C:\Users\K\scoop\apps\neovim\current\bin
USERNAME=K
OS=Windows_NT
PROCESSOR_IDENTIFIER=Intel64 Family 6 Model 61 Stepping 4, GenuineIntel



---------------  S Y S T E M  ---------------

OS: Windows 10 , 64 bit Build 19041 (10.0.19041.3636)
OS uptime: 0 days 7:50 hours

CPU:total 4 (initial active 4) (2 cores per cpu, 2 threads per core) family 6 model 61 stepping 4 microcode 0x2d, cmov, cx8, fxsr, mmx, sse, sse2, sse3, ssse3, sse4.1, sse4.2, popcnt, avx, avx2, aes, clmul, erms, 3dnowpref, lzcnt, ht, tsc, tscinvbit, bmi1, bmi2, adx, fma

Memory: 4k page, system-wide physical 8059M (595M free)
TotalPageFile size 13322M (AvailPageFile size 179M)
current process WorkingSet (physical memory assigned to process): 366M, peak: 390M
current process commit charge ("private bytes"): 407M, peak: 683M

vm_info: OpenJDK 64-Bit Server VM (11.0.12+7) for windows-amd64 JRE (11.0.12+7), built on Jul 21 2021 16:23:49 by "" with unknown MS VC++:1916

END.
